Determining if the pthread_create exist failed with the following output:
Change Dir: /home/terence/dev/ANS2017/22. ROS/catkin_ws/build/CMakeFiles/CMakeTmp

Run Build Command:"/usr/bin/make" "cmTC_818fc/fast"
/usr/bin/make -f CMakeFiles/cmTC_818fc.dir/build.make CMakeFiles/cmTC_818fc.dir/build
make[1]: Entering directory '/home/terence/dev/ANS2017/22. ROS/catkin_ws/build/CMakeFiles/CMakeTmp'
Building C object CMakeFiles/cmTC_818fc.dir/CheckSymbolExists.c.o
/usr/bin/cc     -o CMakeFiles/cmTC_818fc.dir/CheckSymbolExists.c.o   -c "/home/terence/dev/ANS2017/22. ROS/catkin_ws/build/CMakeFiles/CMakeTmp/CheckSymbolExists.c"
Linking C executable cmTC_818fc
/usr/bin/cmake -E cmake_link_script CMakeFiles/cmTC_818fc.dir/link.txt --verbose=1
/usr/bin/cc       CMakeFiles/cmTC_818fc.dir/CheckSymbolExists.c.o  -o cmTC_818fc -rdynamic 
CMakeFiles/cmTC_818fc.dir/CheckSymbolExists.c.o: In function `main':
CheckSymbolExists.c:(.text+0x16): undefined reference to `pthread_create'
collect2: error: ld returned 1 exit status
CMakeFiles/cmTC_818fc.dir/build.make:97: recipe for target 'cmTC_818fc' failed
make[1]: *** [cmTC_818fc] Error 1
make[1]: Leaving directory '/home/terence/dev/ANS2017/22. ROS/catkin_ws/build/CMakeFiles/CMakeTmp'
Makefile:126: recipe for target 'cmTC_818fc/fast' failed
make: *** [cmTC_818fc/fast] Error 2

File /home/terence/dev/ANS2017/22. ROS/catkin_ws/build/CMakeFiles/CMakeTmp/CheckSymbolExists.c:
/* */
#include <pthread.h>

int main(int argc, char** argv)
{
  (void)argv;
#ifndef pthread_create
  return ((int*)(&pthread_create))[argc];
#else
  (void)argc;
  return 0;
#endif
}

Determining if the function pthread_create exists in the pthreads failed with the following output:
Change Dir: /home/terence/dev/ANS2017/22. ROS/catkin_ws/build/CMakeFiles/CMakeTmp

Run Build Command:"/usr/bin/make" "cmTC_8d35c/fast"
/usr/bin/make -f CMakeFiles/cmTC_8d35c.dir/build.make CMakeFiles/cmTC_8d35c.dir/build
make[1]: Entering directory '/home/terence/dev/ANS2017/22. ROS/catkin_ws/build/CMakeFiles/CMakeTmp'
Building C object CMakeFiles/cmTC_8d35c.dir/CheckFunctionExists.c.o
/usr/bin/cc    -DCHECK_FUNCTION_EXISTS=pthread_create   -o CMakeFiles/cmTC_8d35c.dir/CheckFunctionExists.c.o   -c /usr/share/cmake-3.5/Modules/CheckFunctionExists.c
Linking C executable cmTC_8d35c
/usr/bin/cmake -E cmake_link_script CMakeFiles/cmTC_8d35c.dir/link.txt --verbose=1
/usr/bin/cc   -DCHECK_FUNCTION_EXISTS=pthread_create    CMakeFiles/cmTC_8d35c.dir/CheckFunctionExists.c.o  -o cmTC_8d35c -rdynamic -lpthreads 
/usr/bin/ld: cannot find -lpthreads
collect2: error: ld returned 1 exit status
CMakeFiles/cmTC_8d35c.dir/build.make:97: recipe for target 'cmTC_8d35c' failed
make[1]: *** [cmTC_8d35c] Error 1
make[1]: Leaving directory '/home/terence/dev/ANS2017/22. ROS/catkin_ws/build/CMakeFiles/CMakeTmp'
Makefile:126: recipe for target 'cmTC_8d35c/fast' failed
make: *** [cmTC_8d35c/fast] Error 2


